TN:
SF:src\components\map\BusinessSheet.tsx
FN:9,BusinessSheet
FN:27,(anonymous_1)
FN:39,(anonymous_2)
FN:58,(anonymous_3)
FN:63,(anonymous_4)
FN:74,(anonymous_5)
FN:74,(anonymous_6)
FN:83,(anonymous_7)
FN:83,(anonymous_8)
FN:93,(anonymous_9)
FN:93,(anonymous_10)
FN:103,(anonymous_11)
FN:103,(anonymous_12)
FN:109,(anonymous_13)
FN:109,(anonymous_14)
FN:113,(anonymous_15)
FN:122,(anonymous_16)
FN:125,(anonymous_17)
FN:152,(anonymous_18)
FN:180,ActionBtn
FNF:20
FNH:2
FNDA:1,BusinessSheet
FNDA:1,(anonymous_1)
FNDA:0,(anonymous_2)
FNDA:0,(anonymous_3)
FNDA:0,(anonymous_4)
FNDA:0,(anonymous_5)
FNDA:0,(anonymous_6)
FNDA:0,(anonymous_7)
FNDA:0,(anonymous_8)
FNDA:0,(anonymous_9)
FNDA:0,(anonymous_10)
FNDA:0,(anonymous_11)
FNDA:0,(anonymous_12)
FNDA:0,(anonymous_13)
FNDA:0,(anonymous_14)
FNDA:0,(anonymous_15)
FNDA:0,(anonymous_16)
FNDA:0,(anonymous_17)
FNDA:0,(anonymous_18)
FNDA:0,ActionBtn
DA:1,1
DA:2,1
DA:3,1
DA:4,1
DA:6,1
DA:7,1
DA:9,1
DA:18,1
DA:19,1
DA:20,1
DA:27,1
DA:28,1
DA:36,1
DA:38,0
DA:39,0
DA:58,0
DA:64,0
DA:65,0
DA:66,0
DA:74,0
DA:83,0
DA:93,0
DA:103,0
DA:109,0
DA:113,0
DA:123,0
DA:125,0
DA:152,0
DA:192,0
DA:196,0
DA:197,0
LF:31
LH:13
BRDA:21,0,0,1
BRDA:21,0,1,1
BRDA:22,1,0,1
BRDA:22,1,1,1
BRDA:23,2,0,1
BRDA:23,2,1,1
BRDA:24,3,0,1
BRDA:24,3,1,1
BRDA:25,4,0,1
BRDA:25,4,1,1
BRDA:28,5,0,0
BRDA:28,5,1,1
BRDA:29,6,0,0
BRDA:29,6,1,0
BRDA:32,7,0,0
BRDA:32,7,1,0
BRDA:33,8,0,0
BRDA:33,8,1,0
BRDA:36,9,0,1
BRDA:36,9,1,0
BRDA:39,10,0,0
BRDA:39,10,1,0
BRDA:47,11,0,0
BRDA:47,11,1,0
BRDA:51,12,0,0
BRDA:51,12,1,0
BRDA:56,13,0,0
BRDA:56,13,1,0
BRDA:57,14,0,0
BRDA:57,14,1,0
BRDA:127,15,0,0
BRDA:127,15,1,0
BRDA:141,16,0,0
BRDA:141,16,1,0
BRDA:146,17,0,0
BRDA:146,17,1,0
BRDA:160,18,0,0
BRDA:160,18,1,0
BRDA:193,19,0,0
BRDA:193,19,1,0
BRDA:196,20,0,0
BRDA:196,20,1,0
BRDA:198,21,0,0
BRDA:198,21,1,0
BRDA:198,22,0,0
BRDA:198,22,1,0
BRF:46
BRH:12
end_of_record
TN:
SF:src\components\map\MapView.tsx
FN:17,markerIcon
FN:28,operatorIcon
FN:37,MapView
FN:48,(anonymous_3)
FN:54,(anonymous_4)
FN:68,(anonymous_5)
FN:71,(anonymous_6)
FN:85,(anonymous_7)
FN:86,(anonymous_8)
FN:90,(anonymous_9)
FN:96,(anonymous_10)
FN:115,(anonymous_11)
FN:116,(anonymous_12)
FN:136,(anonymous_13)
FN:154,(anonymous_14)
FN:156,(anonymous_15)
FN:160,(anonymous_16)
FN:170,(anonymous_17)
FN:173,(anonymous_18)
FN:177,(anonymous_19)
FN:182,(anonymous_20)
FN:185,(anonymous_21)
FN:205,(anonymous_22)
FN:211,(anonymous_23)
FN:212,(anonymous_24)
FN:213,(anonymous_25)
FN:214,(anonymous_26)
FN:215,(anonymous_27)
FN:220,(anonymous_28)
FN:238,(anonymous_29)
FN:245,(anonymous_30)
FN:252,FilterChip
FN:281,FloatBtn
FNF:33
FNH:8
FNDA:0,markerIcon
FNDA:0,operatorIcon
FNDA:1,MapView
FNDA:1,(anonymous_3)
FNDA:0,(anonymous_4)
FNDA:0,(anonymous_5)
FNDA:0,(anonymous_6)
FNDA:0,(anonymous_7)
FNDA:1,(anonymous_8)
FNDA:1,(anonymous_9)
FNDA:0,(anonymous_10)
FNDA:0,(anonymous_11)
FNDA:0,(anonymous_12)
FNDA:1,(anonymous_13)
FNDA:1,(anonymous_14)
FNDA:0,(anonymous_15)
FNDA:0,(anonymous_16)
FNDA:0,(anonymous_17)
FNDA:0,(anonymous_18)
FNDA:0,(anonymous_19)
FNDA:0,(anonymous_20)
FNDA:0,(anonymous_21)
FNDA:0,(anonymous_22)
FNDA:0,(anonymous_23)
FNDA:0,(anonymous_24)
FNDA:0,(anonymous_25)
FNDA:0,(anonymous_26)
FNDA:0,(anonymous_27)
FNDA:0,(anonymous_28)
FNDA:0,(anonymous_29)
FNDA:0,(anonymous_30)
FNDA:5,FilterChip
FNDA:3,FloatBtn
DA:1,1
DA:2,1
DA:3,1
DA:4,1
DA:5,1
DA:6,1
DA:7,1
DA:9,1
DA:18,0
DA:19,0
DA:20,0
DA:21,0
DA:29,0
DA:30,0
DA:37,1
DA:38,1
DA:39,1
DA:40,1
DA:41,1
DA:42,1
DA:43,1
DA:44,1
DA:45,1
DA:46,1
DA:48,1
DA:49,1
DA:50,1
DA:51,1
DA:52,1
DA:53,1
DA:55,0
DA:56,0
DA:66,0
DA:68,0
DA:69,0
DA:70,0
DA:71,0
DA:72,0
DA:78,0
DA:79,0
DA:83,0
DA:85,0
DA:86,1
DA:90,1
DA:91,1
DA:92,0
DA:93,0
DA:94,0
DA:96,0
DA:97,0
DA:98,0
DA:99,0
DA:102,0
DA:103,0
DA:104,0
DA:105,0
DA:106,0
DA:107,0
DA:108,0
DA:115,0
DA:116,0
DA:117,0
DA:119,0
DA:121,0
DA:122,0
DA:123,0
DA:124,0
DA:127,0
DA:128,0
DA:129,0
DA:130,0
DA:136,1
DA:137,1
DA:138,0
DA:139,0
DA:140,0
DA:147,0
DA:148,0
DA:149,0
DA:150,0
DA:154,1
DA:155,1
DA:156,0
DA:157,0
DA:160,1
DA:161,0
DA:162,0
DA:163,0
DA:167,1
DA:168,1
DA:170,1
DA:171,0
DA:172,0
DA:174,0
DA:175,0
DA:177,0
DA:182,1
DA:185,1
DA:186,0
DA:187,0
DA:193,0
DA:194,0
DA:195,0
DA:196,0
DA:199,1
DA:205,0
DA:211,0
DA:212,0
DA:213,0
DA:214,0
DA:215,0
DA:220,0
DA:238,0
DA:245,0
DA:265,5
DA:292,3
LF:116
LH:40
BRDA:18,0,0,0
BRDA:18,0,1,0
BRDA:19,1,0,0
BRDA:19,1,1,0
BRDA:49,2,0,0
BRDA:49,2,1,1
BRDA:49,3,0,1
BRDA:49,3,1,1
BRDA:55,4,0,0
BRDA:55,4,1,0
BRDA:55,5,0,0
BRDA:55,5,1,0
BRDA:69,6,0,0
BRDA:69,6,1,0
BRDA:73,7,0,0
BRDA:73,7,1,0
BRDA:74,8,0,0
BRDA:74,8,1,0
BRDA:75,9,0,0
BRDA:75,9,1,0
BRDA:85,10,0,0
BRDA:85,10,1,0
BRDA:85,11,0,0
BRDA:85,11,1,0
BRDA:91,12,0,1
BRDA:91,12,1,0
BRDA:91,13,0,1
BRDA:91,13,1,0
BRDA:91,13,2,0
BRDA:97,14,0,0
BRDA:97,14,1,0
BRDA:98,15,0,0
BRDA:98,15,1,0
BRDA:107,16,0,0
BRDA:107,16,1,0
BRDA:128,17,0,0
BRDA:128,17,1,0
BRDA:137,18,0,1
BRDA:137,18,1,0
BRDA:137,19,0,1
BRDA:137,19,1,0
BRDA:137,19,2,0
BRDA:138,20,0,0
BRDA:138,20,1,0
BRDA:139,21,0,0
BRDA:139,21,1,0
BRDA:148,22,0,0
BRDA:148,22,1,0
BRDA:155,23,0,1
BRDA:155,23,1,0
BRDA:155,24,0,1
BRDA:155,24,1,0
BRDA:155,24,2,0
BRDA:157,25,0,0
BRDA:157,25,1,0
BRDA:161,26,0,0
BRDA:161,26,1,0
BRDA:162,27,0,0
BRDA:162,27,1,0
BRDA:163,28,0,0
BRDA:163,28,1,0
BRDA:171,29,0,0
BRDA:171,29,1,0
BRDA:186,30,0,0
BRDA:186,30,1,0
BRDA:203,31,0,1
BRDA:203,31,1,0
BRDA:237,32,0,1
BRDA:237,32,1,0
BRDA:239,33,0,1
BRDA:239,33,1,1
BRDA:242,34,0,1
BRDA:242,34,1,0
BRDA:269,35,0,1
BRDA:269,35,1,4
BRDA:275,36,0,5
BRDA:275,36,1,3
BRDA:298,37,0,0
BRDA:298,37,1,3
BRF:79
BRH:19
end_of_record
TN:
SF:src\components\shared\ClientModal.tsx
FN:16,ClientModal
FN:19,(anonymous_1)
FN:35,(anonymous_2)
FN:47,(anonymous_3)
FN:47,(anonymous_4)
FN:53,(anonymous_5)
FN:53,(anonymous_6)
FN:59,(anonymous_7)
FN:59,(anonymous_8)
FNF:9
FNH:2
FNDA:3,ClientModal
FNDA:2,(anonymous_1)
FNDA:0,(anonymous_2)
FNDA:0,(anonymous_3)
FNDA:0,(anonymous_4)
FNDA:0,(anonymous_5)
FNDA:0,(anonymous_6)
FNDA:0,(anonymous_7)
FNDA:0,(anonymous_8)
DA:1,2
DA:16,2
DA:17,3
DA:19,3
DA:20,2
DA:21,1
DA:29,3
DA:31,2
DA:36,0
DA:37,0
DA:38,0
DA:47,0
DA:53,0
DA:59,0
LF:14
LH:8
BRDA:20,0,0,1
BRDA:20,0,1,1
BRDA:22,1,0,1
BRDA:22,1,1,1
BRDA:23,2,0,1
BRDA:23,2,1,1
BRDA:24,3,0,1
BRDA:24,3,1,1
BRDA:29,4,0,1
BRDA:29,4,1,2
BRDA:37,5,0,0
BRDA:37,5,1,0
BRDA:41,6,0,0
BRDA:41,6,1,2
BRDA:62,7,0,0
BRDA:62,7,1,2
BRDA:64,8,0,2
BRDA:64,8,1,0
BRDA:64,8,2,0
BRF:19
BRH:13
end_of_record
TN:
SF:src\components\shared\ui.tsx
FN:3,Card
FN:11,CardHeader
FN:23,PageContainer
FN:31,PageHeader
FN:43,Money
FN:47,StatusDot
FN:57,Empty
FNF:7
FNH:0
FNDA:0,Card
FNDA:0,CardHeader
FNDA:0,PageContainer
FNDA:0,PageHeader
FNDA:0,Money
FNDA:0,StatusDot
FNDA:0,Empty
DA:1,1
DA:3,1
DA:4,0
DA:11,1
DA:12,0
DA:23,1
DA:24,0
DA:31,1
DA:32,0
DA:43,1
DA:44,0
DA:47,1
DA:49,0
DA:54,0
DA:57,1
DA:58,0
LF:16
LH:8
BRDA:3,0,0,0
BRDA:16,1,0,0
BRDA:16,1,1,0
BRDA:23,2,0,0
BRDA:36,3,0,0
BRDA:36,3,1,0
BRDA:43,4,0,0
BRDA:49,5,0,0
BRDA:49,5,1,0
BRDA:51,6,0,0
BRDA:51,6,1,0
BRDA:61,7,0,0
BRDA:61,7,1,0
BRF:13
BRH:0
end_of_record
TN:
SF:src\components\ui\sheet.tsx
FN:21,(anonymous_9)
FN:60,(anonymous_10)
FN:74,(anonymous_11)
FN:79,(anonymous_12)
FN:90,(anonymous_13)
FN:102,(anonymous_14)
FNF:6
FNH:0
FNDA:0,(anonymous_9)
FNDA:0,(anonymous_10)
FNDA:0,(anonymous_11)
FNDA:0,(anonymous_12)
FNDA:0,(anonymous_13)
FNDA:0,(anonymous_14)
DA:3,1
DA:4,1
DA:5,1
DA:6,1
DA:8,1
DA:10,1
DA:12,1
DA:14,1
DA:16,1
DA:18,1
DA:22,0
DA:31,1
DA:33,1
DA:57,1
DA:61,0
DA:72,1
DA:74,1
DA:75,0
DA:77,1
DA:79,1
DA:80,0
DA:85,1
DA:87,1
DA:91,0
DA:97,1
DA:99,1
DA:103,0
DA:109,1
DA:112,1
DA:113,1
DA:114,1
DA:115,1
DA:116,1
DA:117,1
DA:118,1
DA:119,1
DA:120,1
DA:121,1
LF:38
LH:32
BRDA:60,0,0,0
BRF:1
BRH:0
end_of_record
TN:
SF:src\lib\utils.ts
FN:4,cn
FNF:1
FNH:0
FNDA:0,cn
DA:1,1
DA:2,1
DA:4,1
DA:5,0
LF:4
LH:3
BRF:0
BRH:0
end_of_record
TN:
SF:src\lib\strapp\google-maps-loader.ts
FN:11,loadGoogleMaps
FN:20,(anonymous_1)
FN:27,(anonymous_2)
FN:37,(anonymous_3)
FN:65,reverseGeocode
FN:69,(anonymous_5)
FN:72,(anonymous_6)
FN:80,(anonymous_7)
FN:81,(anonymous_8)
FN:83,(anonymous_9)
FNF:10
FNH:2
FNDA:1,loadGoogleMaps
FNDA:1,(anonymous_1)
FNDA:0,(anonymous_2)
FNDA:0,(anonymous_3)
FNDA:0,reverseGeocode
FNDA:0,(anonymous_5)
FNDA:0,(anonymous_6)
FNDA:0,(anonymous_7)
FNDA:0,(anonymous_8)
FNDA:0,(anonymous_9)
DA:11,1
DA:12,1
DA:13,1
DA:15,1
DA:16,0
DA:19,1
DA:20,1
DA:21,1
DA:24,1
DA:26,1
DA:27,1
DA:28,0
DA:29,0
DA:32,1
DA:33,1
DA:34,1
DA:35,1
DA:36,1
DA:37,1
DA:38,1
DA:41,1
DA:45,1
DA:65,1
DA:69,0
DA:70,0
DA:71,0
DA:72,0
DA:73,0
DA:74,0
DA:75,0
DA:77,0
DA:78,0
DA:80,0
DA:81,0
DA:83,0
DA:84,0
DA:87,0
LF:37
LH:20
BRDA:12,0,0,0
BRDA:12,0,1,1
BRDA:13,1,0,0
BRDA:13,1,1,1
BRDA:15,2,0,0
BRDA:15,2,1,1
BRDA:15,3,0,1
BRDA:15,3,1,0
BRDA:24,4,0,0
BRDA:24,4,1,1
BRDA:73,5,0,0
BRDA:73,5,1,0
BRDA:73,6,0,0
BRDA:73,6,1,0
BRDA:73,6,2,0
BRDA:78,7,0,0
BRDA:78,7,1,0
BRDA:80,8,0,0
BRDA:80,8,1,0
BRDA:80,8,2,0
BRF:20
BRH:5
end_of_record
TN:
SF:src\lib\strapp\store.tsx
FN:131,load
FN:157,uid
FN:161,newBusiness
FN:189,StrappProvider
FN:194,(anonymous_4)
FN:199,(anonymous_5)
FN:206,(anonymous_6)
FN:210,(anonymous_7)
FN:211,(anonymous_8)
FN:215,(anonymous_9)
FN:218,(anonymous_10)
FN:226,(anonymous_11)
FN:227,(anonymous_12)
FN:228,(anonymous_13)
FN:232,(anonymous_14)
FN:240,(anonymous_15)
FN:243,(anonymous_16)
FN:244,(anonymous_17)
FN:246,(anonymous_18)
FN:249,(anonymous_19)
FN:250,(anonymous_20)
FN:252,(anonymous_21)
FN:254,(anonymous_22)
FN:254,(anonymous_23)
FN:255,(anonymous_24)
FN:255,(anonymous_25)
FN:256,(anonymous_26)
FN:256,(anonymous_27)
FN:257,(anonymous_28)
FN:257,(anonymous_29)
FN:258,(anonymous_30)
FN:258,(anonymous_31)
FN:259,(anonymous_32)
FN:259,(anonymous_33)
FN:260,(anonymous_34)
FN:261,(anonymous_35)
FN:262,(anonymous_36)
FN:262,(anonymous_37)
FN:263,(anonymous_38)
FN:265,(anonymous_39)
FN:272,(anonymous_40)
FN:273,(anonymous_41)
FN:275,(anonymous_42)
FN:280,(anonymous_43)
FN:292,(anonymous_44)
FN:295,(anonymous_45)
FN:296,(anonymous_46)
FN:298,(anonymous_47)
FN:300,(anonymous_48)
FN:301,(anonymous_49)
FN:303,(anonymous_50)
FN:304,(anonymous_51)
FN:308,(anonymous_52)
FN:309,(anonymous_53)
FN:311,(anonymous_54)
FN:313,(anonymous_55)
FN:314,(anonymous_56)
FN:316,(anonymous_57)
FN:321,(anonymous_58)
FN:323,(anonymous_59)
FN:326,(anonymous_60)
FN:327,(anonymous_61)
FN:329,(anonymous_62)
FN:331,(anonymous_63)
FN:332,(anonymous_64)
FN:334,(anonymous_65)
FN:337,(anonymous_66)
FN:338,(anonymous_67)
FN:349,(anonymous_68)
FN:357,(anonymous_69)
FN:358,(anonymous_70)
FN:367,(anonymous_71)
FN:375,useStrapp
FN:382,assignBusinessToCampaign
FNF:74
FNH:7
FNDA:1,load
FNDA:0,uid
FNDA:0,newBusiness
FNDA:2,StrappProvider
FNDA:1,(anonymous_4)
FNDA:2,(anonymous_5)
FNDA:2,(anonymous_6)
FNDA:0,(anonymous_7)
FNDA:0,(anonymous_8)
FNDA:0,(anonymous_9)
FNDA:0,(anonymous_10)
FNDA:0,(anonymous_11)
FNDA:0,(anonymous_12)
FNDA:0,(anonymous_13)
FNDA:0,(anonymous_14)
FNDA:1,(anonymous_15)
FNDA:0,(anonymous_16)
FNDA:0,(anonymous_17)
FNDA:0,(anonymous_18)
FNDA:0,(anonymous_19)
FNDA:0,(anonymous_20)
FNDA:0,(anonymous_21)
FNDA:0,(anonymous_22)
FNDA:0,(anonymous_23)
FNDA:0,(anonymous_24)
FNDA:0,(anonymous_25)
FNDA:0,(anonymous_26)
FNDA:0,(anonymous_27)
FNDA:0,(anonymous_28)
FNDA:0,(anonymous_29)
FNDA:0,(anonymous_30)
FNDA:0,(anonymous_31)
FNDA:0,(anonymous_32)
FNDA:0,(anonymous_33)
FNDA:0,(anonymous_34)
FNDA:0,(anonymous_35)
FNDA:0,(anonymous_36)
FNDA:0,(anonymous_37)
FNDA:0,(anonymous_38)
FNDA:0,(anonymous_39)
FNDA:0,(anonymous_40)
FNDA:0,(anonymous_41)
FNDA:0,(anonymous_42)
FNDA:0,(anonymous_43)
FNDA:0,(anonymous_44)
FNDA:0,(anonymous_45)
FNDA:0,(anonymous_46)
FNDA:0,(anonymous_47)
FNDA:0,(anonymous_48)
FNDA:0,(anonymous_49)
FNDA:0,(anonymous_50)
FNDA:0,(anonymous_51)
FNDA:0,(anonymous_52)
FNDA:0,(anonymous_53)
FNDA:0,(anonymous_54)
FNDA:0,(anonymous_55)
FNDA:0,(anonymous_56)
FNDA:0,(anonymous_57)
FNDA:0,(anonymous_58)
FNDA:0,(anonymous_59)
FNDA:0,(anonymous_60)
FNDA:0,(anonymous_61)
FNDA:0,(anonymous_62)
FNDA:0,(anonymous_63)
FNDA:0,(anonymous_64)
FNDA:0,(anonymous_65)
FNDA:0,(anonymous_66)
FNDA:0,(anonymous_67)
FNDA:0,(anonymous_68)
FNDA:0,(anonymous_69)
FNDA:0,(anonymous_70)
FNDA:0,(anonymous_71)
FNDA:2,useStrapp
FNDA:0,assignBusinessToCampaign
DA:2,1
DA:3,1
DA:13,1
DA:25,1
DA:26,1
DA:27,1
DA:60,1
DA:129,1
DA:132,1
DA:133,1
DA:134,1
DA:135,1
DA:136,1
DA:137,2
DA:138,2
DA:141,1
DA:142,0
DA:143,0
DA:153,0
DA:157,1
DA:158,0
DA:161,1
DA:165,0
DA:189,1
DA:190,2
DA:191,2
DA:192,2
DA:194,2
DA:195,1
DA:196,1
DA:199,2
DA:200,2
DA:201,1
DA:202,1
DA:206,2
DA:207,2
DA:208,0
DA:209,0
DA:211,0
DA:218,0
DA:219,0
DA:220,0
DA:225,2
DA:227,0
DA:228,0
DA:229,0
DA:232,0
DA:239,2
DA:240,1
DA:244,0
DA:246,0
DA:250,0
DA:252,0
DA:254,0
DA:255,0
DA:256,0
DA:257,0
DA:258,0
DA:259,0
DA:261,0
DA:262,0
DA:264,0
DA:265,0
DA:270,0
DA:273,0
DA:276,0
DA:281,0
DA:292,0
DA:293,0
DA:296,0
DA:298,0
DA:301,0
DA:303,0
DA:305,0
DA:309,0
DA:311,0
DA:314,0
DA:317,0
DA:322,0
DA:323,0
DA:324,0
DA:327,0
DA:329,0
DA:332,0
DA:334,0
DA:338,0
DA:339,0
DA:346,0
DA:350,0
DA:357,0
DA:359,0
DA:360,0
DA:361,0
DA:362,0
DA:364,0
DA:367,0
DA:372,2
DA:375,1
DA:376,2
DA:377,2
DA:378,2
DA:382,1
DA:383,0
LF:103
LH:40
BRDA:132,0,0,0
BRDA:132,0,1,1
BRDA:135,1,0,1
BRDA:135,1,1,0
BRDA:138,2,0,0
BRDA:138,2,1,2
BRDA:141,3,0,1
BRDA:141,3,1,0
BRDA:146,4,0,0
BRDA:146,4,1,0
BRDA:147,5,0,0
BRDA:147,5,1,0
BRDA:147,6,0,0
BRDA:147,6,1,0
BRDA:148,7,0,0
BRDA:148,7,1,0
BRDA:149,8,0,0
BRDA:149,8,1,0
BRDA:150,9,0,0
BRDA:150,9,1,0
BRDA:163,10,0,0
BRDA:167,11,0,0
BRDA:167,11,1,0
BRDA:168,12,0,0
BRDA:168,12,1,0
BRDA:169,13,0,0
BRDA:169,13,1,0
BRDA:170,14,0,0
BRDA:170,14,1,0
BRDA:173,15,0,0
BRDA:173,15,1,0
BRDA:174,16,0,0
BRDA:174,16,1,0
BRDA:175,17,0,0
BRDA:175,17,1,0
BRDA:176,18,0,0
BRDA:176,18,1,0
BRDA:177,19,0,0
BRDA:177,19,1,0
BRDA:178,20,0,0
BRDA:178,20,1,0
BRDA:179,21,0,0
BRDA:179,21,1,0
BRDA:180,22,0,0
BRDA:180,22,1,0
BRDA:181,23,0,0
BRDA:181,23,1,0
BRDA:182,24,0,0
BRDA:182,24,1,0
BRDA:183,25,0,0
BRDA:183,25,1,0
BRDA:185,26,0,0
BRDA:185,26,1,0
BRDA:200,27,0,1
BRDA:200,27,1,1
BRDA:207,28,0,2
BRDA:207,28,1,0
BRDA:207,29,0,2
BRDA:207,29,1,1
BRDA:207,29,2,1
BRDA:208,30,0,0
BRDA:208,30,1,0
BRDA:219,31,0,0
BRDA:219,31,1,0
BRDA:231,32,0,0
BRDA:231,32,1,0
BRDA:232,33,0,0
BRDA:232,33,1,0
BRDA:247,34,0,0
BRDA:247,34,1,0
BRDA:252,35,0,0
BRDA:252,35,1,0
BRDA:259,36,0,0
BRDA:259,36,1,0
BRDA:276,37,0,0
BRDA:276,37,1,0
BRDA:283,38,0,0
BRDA:283,38,1,0
BRDA:284,39,0,0
BRDA:284,39,1,0
BRDA:285,40,0,0
BRDA:285,40,1,0
BRDA:286,41,0,0
BRDA:286,41,1,0
BRDA:287,42,0,0
BRDA:287,42,1,0
BRDA:287,43,0,0
BRDA:287,43,1,0
BRDA:298,44,0,0
BRDA:298,44,1,0
BRDA:305,45,0,0
BRDA:305,45,1,0
BRDA:311,46,0,0
BRDA:311,46,1,0
BRDA:317,47,0,0
BRDA:317,47,1,0
BRDA:329,48,0,0
BRDA:329,48,1,0
BRDA:343,49,0,0
BRDA:343,49,1,0
BRDA:344,50,0,0
BRDA:344,50,1,0
BRDA:350,51,0,0
BRDA:350,51,1,0
BRDA:351,52,0,0
BRDA:351,52,1,0
BRDA:377,53,0,0
BRDA:377,53,1,2
BRF:108
BRH:11
end_of_record
TN:
SF:src\lib\strapp\types.ts
FN:87,emptyPhases
FN:91,routeRevenue
FN:93,(anonymous_2)
FN:94,(anonymous_3)
FN:99,routeOpportunity
FN:101,(anonymous_5)
FN:102,(anonymous_6)
FN:105,routeProgress
FN:106,(anonymous_8)
FN:108,(anonymous_9)
FN:119,servicesValue
FN:128,totalQuote
FN:132,balanceDue
FN:136,emptyOnboarding
FN:146,emptyServices
FN:150,haversineKm
FN:165,formatZAR
FNF:17
FNH:0
FNDA:0,emptyPhases
FNDA:0,routeRevenue
FNDA:0,(anonymous_2)
FNDA:0,(anonymous_3)
FNDA:0,routeOpportunity
FNDA:0,(anonymous_5)
FNDA:0,(anonymous_6)
FNDA:0,routeProgress
FNDA:0,(anonymous_8)
FNDA:0,(anonymous_9)
FNDA:0,servicesValue
FNDA:0,totalQuote
FNDA:0,balanceDue
FNDA:0,emptyOnboarding
FNDA:0,emptyServices
FNDA:0,haversineKm
FNDA:0,formatZAR
DA:87,1
DA:88,0
DA:91,1
DA:92,0
DA:93,0
DA:94,0
DA:97,1
DA:99,1
DA:100,0
DA:101,0
DA:102,0
DA:105,1
DA:106,0
DA:107,0
DA:108,0
DA:109,0
DA:112,1
DA:113,1
DA:114,1
DA:115,1
DA:117,1
DA:119,1
DA:120,0
DA:128,1
DA:129,0
DA:132,1
DA:133,0
DA:136,1
DA:137,0
DA:146,1
DA:147,0
DA:150,1
DA:154,0
DA:155,0
DA:156,0
DA:157,0
DA:158,0
DA:160,0
DA:162,0
DA:165,1
DA:166,0
LF:41
LH:17
BRDA:94,0,0,0
BRDA:94,0,1,0
BRDA:107,1,0,0
BRDA:107,1,1,0
BRDA:121,2,0,0
BRDA:121,2,1,0
BRDA:122,3,0,0
BRDA:122,3,1,0
BRDA:123,4,0,0
BRDA:123,4,1,0
BRDA:124,5,0,0
BRDA:124,5,1,0
BRDA:129,6,0,0
BRDA:129,6,1,0
BRDA:129,7,0,0
BRDA:129,7,1,0
BRDA:133,8,0,0
BRDA:133,8,1,0
BRF:18
BRH:0
end_of_record
